28957 [http-nio-auto-1-exec-1] INFO  c.e.u.r.c.GestionRolController - Se ha creado un nuevo ROL. ID: %d
29224 [http-nio-auto-1-exec-2] INFO  c.e.u.r.c.GestionEmpleadoController - Se ha creado un nuevo EMPLEADO. ID: %d
29316 [http-nio-auto-1-exec-3] INFO  c.e.u.r.c.GestionCertificadoController - Se ha creado un nuevo CERTIFICADO para el EMPLEADO ID: %d
29415 [http-nio-auto-1-exec-4] INFO  c.e.u.r.c.GestionRolController - Se ha creado un nuevo ROL. ID: %d
29466 [http-nio-auto-1-exec-5] INFO  c.e.u.r.c.GestionEmpleadoController - Se ha creado un nuevo EMPLEADO. ID: %d
29486 [http-nio-auto-1-exec-6] INFO  c.e.u.r.c.GestionCertificadoController - Se ha creado un nuevo CERTIFICADO para el EMPLEADO ID: %d
30246 [http-nio-auto-1-exec-8] INFO  c.e.u.r.c.GestionRolController - Se ha creado un nuevo ROL. ID: %d
30276 [http-nio-auto-1-exec-9] INFO  c.e.u.r.c.GestionEmpleadoController - Se ha creado un nuevo EMPLEADO. ID: %d
30296 [http-nio-auto-1-exec-10] INFO  c.e.u.r.c.GestionCertificadoController - Se ha creado un nuevo CERTIFICADO para el EMPLEADO ID: %d
30376 [http-nio-auto-1-exec-2] ERROR c.e.u.r.c.GestionCertificadoController - Error al eliminar el CERTIFICADO. ID: %d
30416 [http-nio-auto-1-exec-3] ERROR c.e.u.r.c.GestionCertificadoController - Error al crear un nuevo CERTIFICADO para el EMPLEADO ID: %d
30436 [http-nio-auto-1-exec-4] INFO  c.e.u.r.c.GestionRolController - Se ha creado un nuevo ROL. ID: %d
30467 [http-nio-auto-1-exec-5] INFO  c.e.u.r.c.GestionEmpleadoController - Se ha creado un nuevo EMPLEADO. ID: %d
30487 [http-nio-auto-1-exec-6] INFO  c.e.u.r.c.GestionCertificadoController - Se ha creado un nuevo CERTIFICADO para el EMPLEADO ID: %d
30537 [http-nio-auto-1-exec-8] WARN  c.e.u.r.c.GestionCertificadoController - Se ha eliminado el CERTIFICADO. ID: %d
30597 [http-nio-auto-1-exec-10] ERROR c.e.u.r.c.GestionEmpleadoController - Error al crear un nuevo EMPLEADO. ID: %d
30627 [http-nio-auto-1-exec-1] INFO  c.e.u.r.c.GestionRolController - Se ha creado un nuevo ROL. ID: %d
30647 [http-nio-auto-1-exec-2] INFO  c.e.u.r.c.GestionEmpleadoController - Se ha creado un nuevo EMPLEADO. ID: %d
30677 [http-nio-auto-1-exec-4] WARN  c.e.u.r.c.GestionEmpleadoController - Se ha eliminado un EMPLEADO. ID: %d
30707 [http-nio-auto-1-exec-6] INFO  c.e.u.r.c.GestionRolController - Se ha creado un nuevo ROL. ID: %d
30717 [http-nio-auto-1-exec-7] INFO  c.e.u.r.c.GestionRolController - Se ha creado un nuevo ROL. ID: %d
30737 [http-nio-auto-1-exec-8] INFO  c.e.u.r.c.GestionEmpleadoController - Se ha creado un nuevo EMPLEADO. ID: %d
30767 [http-nio-auto-1-exec-9] WARN  c.e.u.r.c.GestionEmpleadoController - Se ha actualizado el rol de un EMPLEADO. ID: %d
30807 [http-nio-auto-1-exec-1] INFO  c.e.u.r.c.GestionRolController - Se ha creado un nuevo ROL. ID: %d
30817 [http-nio-auto-1-exec-2] INFO  c.e.u.r.c.GestionEmpleadoController - Se ha creado un nuevo EMPLEADO. ID: %d
30847 [http-nio-auto-1-exec-3] INFO  c.e.u.r.c.GestionRolController - Se ha creado un nuevo ROL. ID: %d
30867 [http-nio-auto-1-exec-4] INFO  c.e.u.r.c.GestionEmpleadoController - Se ha creado un nuevo EMPLEADO. ID: %d
30897 [http-nio-auto-1-exec-5] ERROR c.e.u.r.c.GestionEmpleadoController - Error al actualizar el rol de un EMPLEADO. ID: %d
30937 [http-nio-auto-1-exec-7] ERROR c.e.u.r.c.GestionEmpleadoController - Error al actualizar la informacion personal de un EMPLEADO. ID: %d
30960 [http-nio-auto-1-exec-8] INFO  c.e.u.r.c.GestionRolController - Se ha creado un nuevo ROL. ID: %d
30977 [http-nio-auto-1-exec-9] INFO  c.e.u.r.c.GestionEmpleadoController - Se ha creado un nuevo EMPLEADO. ID: %d
30997 [http-nio-auto-1-exec-10] WARN  c.e.u.r.c.GestionEmpleadoController - Se ha actualizado la informacion personal de un EMPLEADO. ID: %d
31027 [http-nio-auto-1-exec-2] ERROR c.e.u.r.c.GestionEmpleadoController - Error al eliminar un EMPLEADO. ID: %d
31060 [http-nio-auto-1-exec-3] INFO  c.e.u.r.c.GestionRolController - Se ha creado un nuevo ROL. ID: %d
31077 [http-nio-auto-1-exec-4] INFO  c.e.u.r.c.GestionEmpleadoController - Se ha creado un nuevo EMPLEADO. ID: %d
31127 [http-nio-auto-1-exec-6] INFO  c.e.u.r.c.GestionRolController - Se ha creado un nuevo ROL. ID: %d
31147 [http-nio-auto-1-exec-7] INFO  c.e.u.r.c.GestionEmpleadoController - Se ha creado un nuevo EMPLEADO. ID: %d
31217 [http-nio-auto-1-exec-9] INFO  c.e.u.r.c.GestionRolController - Se ha creado un nuevo ROL. ID: %d
31246 [http-nio-auto-1-exec-10] INFO  c.e.u.r.c.GestionEmpleadoController - Se ha creado un nuevo EMPLEADO. ID: %d
31270 [http-nio-auto-1-exec-1] INFO  c.e.u.r.c.GestionPerfilController - Se ha creado un nuevo perfil para el empleado %d
31370 [http-nio-auto-1-exec-3] INFO  c.e.u.r.c.GestionPerfilController - Se ha Eliminado el perfil. ID: %d
31430 [http-nio-auto-1-exec-5] WARN  c.e.u.r.c.GestionPerfilController - Se ha Actualizado un nuevo perfil para el empleado %d
31440 [http-nio-auto-1-exec-5] ERROR c.e.u.r.c.GestionPerfilController - Error al actualizar el perfil del empleado %d
31495 [http-nio-auto-1-exec-6] INFO  c.e.u.r.c.GestionRolController - Se ha creado un nuevo ROL. ID: %d
31521 [http-nio-auto-1-exec-7] INFO  c.e.u.r.c.GestionEmpleadoController - Se ha creado un nuevo EMPLEADO. ID: %d
31537 [http-nio-auto-1-exec-8] INFO  c.e.u.r.c.GestionPerfilController - Se ha creado un nuevo perfil para el empleado %d
31567 [http-nio-auto-1-exec-9] WARN  c.e.u.r.c.GestionPerfilController - Se ha Actualizado un nuevo perfil para el empleado %d
31671 [http-nio-auto-1-exec-1] INFO  c.e.u.r.c.GestionRolController - Se ha creado un nuevo ROL. ID: %d
31711 [http-nio-auto-1-exec-2] INFO  c.e.u.r.c.GestionEmpleadoController - Se ha creado un nuevo EMPLEADO. ID: %d
31721 [http-nio-auto-1-exec-3] INFO  c.e.u.r.c.GestionPerfilController - Se ha creado un nuevo perfil para el empleado %d
31771 [http-nio-auto-1-exec-4] INFO  c.e.u.r.c.GestionPerfilController - Se ha creado un nuevo perfil para el empleado %d
31781 [http-nio-auto-1-exec-4] ERROR c.e.u.r.c.GestionPerfilController - Error al crear el perfil del empleado %d
31831 [http-nio-auto-1-exec-5] INFO  c.e.u.r.c.GestionRolController - Se ha creado un nuevo ROL. ID: %d
31871 [http-nio-auto-1-exec-6] INFO  c.e.u.r.c.GestionEmpleadoController - Se ha creado un nuevo EMPLEADO. ID: %d
31881 [http-nio-auto-1-exec-7] INFO  c.e.u.r.c.GestionPerfilController - Se ha creado un nuevo perfil para el empleado %d
31921 [http-nio-auto-1-exec-9] INFO  c.e.u.r.c.GestionPerfilController - Se ha Eliminado el perfil. ID: %d
31931 [http-nio-auto-1-exec-9] ERROR c.e.u.r.c.GestionPerfilController - Error al eliminar el perfil. ID: %d
31951 [http-nio-auto-1-exec-10] INFO  c.e.u.r.c.GestionRolController - Se ha creado un nuevo ROL. ID: %d
31971 [http-nio-auto-1-exec-1] INFO  c.e.u.r.c.GestionEmpleadoController - Se ha creado un nuevo EMPLEADO. ID: %d
31981 [http-nio-auto-1-exec-2] INFO  c.e.u.r.c.GestionPerfilController - Se ha creado un nuevo perfil para el empleado %d
32061 [http-nio-auto-1-exec-4] INFO  c.e.u.r.c.GestionRolController - Se ha creado un nuevo ROL. ID: %d
32071 [http-nio-auto-1-exec-5] WARN  c.e.u.r.c.GestionRolController - Se ha actualizado el ROL. ID: %d
32111 [http-nio-auto-1-exec-7] INFO  c.e.u.r.c.GestionRolController - Se ha creado un nuevo ROL. ID: %d
32131 [http-nio-auto-1-exec-9] WARN  c.e.u.r.c.GestionRolController - Se ha eliminado el ROL. ID: %d
32161 [http-nio-auto-1-exec-1] INFO  c.e.u.r.c.GestionRolController - Se ha creado un nuevo ROL. ID: %d
32191 [http-nio-auto-1-exec-3] ERROR c.e.u.r.c.GestionRolController - Error al eliminar el ROL. ID: %d
32211 [http-nio-auto-1-exec-4] INFO  c.e.u.r.c.GestionRolController - Se ha creado un nuevo ROL. ID: %d
32231 [http-nio-auto-1-exec-5] INFO  c.e.u.r.c.GestionRolController - Se ha creado un nuevo ROL. ID: %d
32251 [http-nio-auto-1-exec-6] ERROR c.e.u.r.c.GestionRolController - Error al crear el nuevo ROL. ID: %d
32271 [http-nio-auto-1-exec-7] ERROR c.e.u.r.c.GestionRolController - Error al actualizar el ROl. ID: %d
32291 [http-nio-auto-1-exec-8] INFO  c.e.u.r.c.GestionRolController - Se ha creado un nuevo ROL. ID: %d
